Analysis & Synthesis report for new_miner
Mon Apr 23 16:01:14 2018
Quartus II 64-Bit Version 15.0.0 Build 145 04/22/2015 SJ Web Edition


---------------------
; Table of Contents ;
---------------------
  1. Legal Notice
  2. Analysis & Synthesis Summary
  3. Analysis & Synthesis Settings
  4. Parallel Compilation
  5. Analysis & Synthesis Source Files Read
  6. Analysis & Synthesis Resource Usage Summary
  7. Analysis & Synthesis Resource Utilization by Entity
  8. State Machine - |new_miner|state
  9. State Machine - |new_miner|sha256_stream:U1|sha256_core:core|sha256_ctrl_reg
 10. State Machine - |new_miner|sha256_stream:U1|sha256_core:core|sha256_w_mem:w_mem_inst|sha256_w_mem_ctrl_reg
 11. Registers Removed During Synthesis
 12. General Register Statistics
 13. Multiplexer Restructuring Statistics (Restructuring Performed)
 14. Parameter Settings for User Entity Instance: sha256_stream:U1|sha256_core:core
 15. Parameter Settings for User Entity Instance: sha256_stream:U1|sha256_core:core|sha256_w_mem:w_mem_inst
 16. Port Connectivity Checks: "sha256_stream:U1"
 17. Post-Synthesis Netlist Statistics for Top Partition
 18. Elapsed Time Per Partition
 19. Analysis & Synthesis Messages



----------------
; Legal Notice ;
----------------
Copyright (C) 1991-2015 Altera Corporation. All rights reserved.
Your use of Altera Corporation's design tools, logic functions 
and other software and tools, and its AMPP partner logic 
functions, and any output files from any of the foregoing 
(including device programming or simulation files), and any 
associated documentation or information are expressly subject 
to the terms and conditions of the Altera Program License 
Subscription Agreement, the Altera Quartus II License Agreement,
the Altera MegaCore Function License Agreement, or other 
applicable license agreement, including, without limitation, 
that your use is for the sole purpose of programming logic 
devices manufactured by Altera and sold by Altera or its 
authorized distributors.  Please refer to the applicable 
agreement for further details.



+---------------------------------------------------------------------------------+
; Analysis & Synthesis Summary                                                    ;
+------------------------------------+--------------------------------------------+
; Analysis & Synthesis Status        ; Successful - Mon Apr 23 16:01:14 2018      ;
; Quartus II 64-Bit Version          ; 15.0.0 Build 145 04/22/2015 SJ Web Edition ;
; Revision Name                      ; new_miner                                  ;
; Top-level Entity Name              ; new_miner                                  ;
; Family                             ; MAX 10                                     ;
; Total logic elements               ; 2,638                                      ;
;     Total combinational functions  ; 2,382                                      ;
;     Dedicated logic registers      ; 1,304                                      ;
; Total registers                    ; 1304                                       ;
; Total pins                         ; 898                                        ;
; Total virtual pins                 ; 0                                          ;
; Total memory bits                  ; 0                                          ;
; Embedded Multiplier 9-bit elements ; 0                                          ;
; Total PLLs                         ; 0                                          ;
; UFM blocks                         ; 0                                          ;
; ADC blocks                         ; 0                                          ;
+------------------------------------+--------------------------------------------+


+----------------------------------------------------------------------------------------------------------------------+
; Analysis & Synthesis Settings                                                                                        ;
+----------------------------------------------------------------------------+--------------------+--------------------+
; Option                                                                     ; Setting            ; Default Value      ;
+----------------------------------------------------------------------------+--------------------+--------------------+
; Device                                                                     ; 10M50DAF484C6GES   ;                    ;
; Top-level entity name                                                      ; new_miner          ; new_miner          ;
; Family name                                                                ; MAX 10             ; Cyclone V          ;
; Use smart compilation                                                      ; Off                ; Off                ;
; Enable parallel Assembler and TimeQuest Timing Analyzer during compilation ; On                 ; On                 ;
; Enable compact report table                                                ; Off                ; Off                ;
; Restructure Multiplexers                                                   ; Auto               ; Auto               ;
; Create Debugging Nodes for IP Cores                                        ; Off                ; Off                ;
; Preserve fewer node names                                                  ; On                 ; On                 ;
; Disable OpenCore Plus hardware evaluation                                  ; Off                ; Off                ;
; Verilog Version                                                            ; Verilog_2001       ; Verilog_2001       ;
; VHDL Version                                                               ; VHDL_1993          ; VHDL_1993          ;
; State Machine Processing                                                   ; Auto               ; Auto               ;
; Safe State Machine                                                         ; Off                ; Off                ;
; Extract Verilog State Machines                                             ; On                 ; On                 ;
; Extract VHDL State Machines                                                ; On                 ; On                 ;
; Ignore Verilog initial constructs                                          ; Off                ; Off                ;
; Iteration limit for constant Verilog loops                                 ; 5000               ; 5000               ;
; Iteration limit for non-constant Verilog loops                             ; 250                ; 250                ;
; Add Pass-Through Logic to Inferred RAMs                                    ; On                 ; On                 ;
; Infer RAMs from Raw Logic                                                  ; On                 ; On                 ;
; Parallel Synthesis                                                         ; On                 ; On                 ;
; DSP Block Balancing                                                        ; Auto               ; Auto               ;
; NOT Gate Push-Back                                                         ; On                 ; On                 ;
; Power-Up Don't Care                                                        ; On                 ; On                 ;
; Remove Redundant Logic Cells                                               ; Off                ; Off                ;
; Remove Duplicate Registers                                                 ; On                 ; On                 ;
; Ignore CARRY Buffers                                                       ; Off                ; Off                ;
; Ignore CASCADE Buffers                                                     ; Off                ; Off                ;
; Ignore GLOBAL Buffers                                                      ; Off                ; Off                ;
; Ignore ROW GLOBAL Buffers                                                  ; Off                ; Off                ;
; Ignore LCELL Buffers                                                       ; Off                ; Off                ;
; Ignore SOFT Buffers                                                        ; On                 ; On                 ;
; Limit AHDL Integers to 32 Bits                                             ; Off                ; Off                ;
; Optimization Technique                                                     ; Balanced           ; Balanced           ;
; Carry Chain Length                                                         ; 70                 ; 70                 ;
; Auto Carry Chains                                                          ; On                 ; On                 ;
; Auto Open-Drain Pins                                                       ; On                 ; On                 ;
; Perform WYSIWYG Primitive Resynthesis                                      ; Off                ; Off                ;
; Auto ROM Replacement                                                       ; On                 ; On                 ;
; Auto RAM Replacement                                                       ; On                 ; On                 ;
; Auto DSP Block Replacement                                                 ; On                 ; On                 ;
; Auto Shift Register Replacement                                            ; Auto               ; Auto               ;
; Allow Shift Register Merging across Hierarchies                            ; Auto               ; Auto               ;
; Auto Clock Enable Replacement                                              ; On                 ; On                 ;
; Strict RAM Replacement                                                     ; Off                ; Off                ;
; Allow Synchronous Control Signals                                          ; On                 ; On                 ;
; Force Use of Synchronous Clear Signals                                     ; Off                ; Off                ;
; Auto RAM Block Balancing                                                   ; On                 ; On                 ;
; Auto RAM to Logic Cell Conversion                                          ; Off                ; Off                ;
; Auto Resource Sharing                                                      ; Off                ; Off                ;
; Allow Any RAM Size For Recognition                                         ; Off                ; Off                ;
; Allow Any ROM Size For Recognition                                         ; Off                ; Off                ;
; Allow Any Shift Register Size For Recognition                              ; Off                ; Off                ;
; Use LogicLock Constraints during Resource Balancing                        ; On                 ; On                 ;
; Ignore translate_off and synthesis_off directives                          ; Off                ; Off                ;
; Timing-Driven Synthesis                                                    ; On                 ; On                 ;
; Report Parameter Settings                                                  ; On                 ; On                 ;
; Report Source Assignments                                                  ; On                 ; On                 ;
; Report Connectivity Checks                                                 ; On                 ; On                 ;
; Ignore Maximum Fan-Out Assignments                                         ; Off                ; Off                ;
; Synchronization Register Chain Length                                      ; 2                  ; 2                  ;
; PowerPlay Power Optimization During Synthesis                              ; Normal compilation ; Normal compilation ;
; HDL message level                                                          ; Level2             ; Level2             ;
; Suppress Register Optimization Related Messages                            ; Off                ; Off                ;
; Number of Removed Registers Reported in Synthesis Report                   ; 5000               ; 5000               ;
; Number of Swept Nodes Reported in Synthesis Report                         ; 5000               ; 5000               ;
; Number of Inverted Registers Reported in Synthesis Report                  ; 100                ; 100                ;
; Clock MUX Protection                                                       ; On                 ; On                 ;
; Auto Gated Clock Conversion                                                ; Off                ; Off                ;
; Block Design Naming                                                        ; Auto               ; Auto               ;
; SDC constraint protection                                                  ; Off                ; Off                ;
; Synthesis Effort                                                           ; Auto               ; Auto               ;
; Shift Register Replacement - Allow Asynchronous Clear Signal               ; On                 ; On                 ;
; Pre-Mapping Resynthesis Optimization                                       ; Off                ; Off                ;
; Analysis & Synthesis Message Level                                         ; Medium             ; Medium             ;
; Disable Register Merging Across Hierarchies                                ; Auto               ; Auto               ;
; Resource Aware Inference For Block RAM                                     ; On                 ; On                 ;
; Synthesis Seed                                                             ; 1                  ; 1                  ;
+----------------------------------------------------------------------------+--------------------+--------------------+


+------------------------------------------+
; Parallel Compilation                     ;
+----------------------------+-------------+
; Processors                 ; Number      ;
+----------------------------+-------------+
; Number detected on machine ; 8           ;
; Maximum allowed            ; 4           ;
;                            ;             ;
; Average used               ; 1.00        ;
; Maximum used               ; 4           ;
;                            ;             ;
; Usage by Processor         ; % Time Used ;
;     Processor 1            ; 100.0%      ;
;     Processors 2-4         ; < 0.1%      ;
;     Processors 5-8         ;   0.0%      ;
+----------------------------+-------------+


+------------------------------------------------------------------------------------------------------------------------------------------------------------------------+
; Analysis & Synthesis Source Files Read                                                                                                                                 ;
+----------------------------------+-----------------+------------------------+--------------------------------------------------------------------------------+---------+
; File Name with User-Entered Path ; Used in Netlist ; File Type              ; File Name with Absolute Path                                                   ; Library ;
+----------------------------------+-----------------+------------------------+--------------------------------------------------------------------------------+---------+
; src/new_miner.v                  ; yes             ; User Verilog HDL File  ; C:/Users/ballpor98/Desktop/project/Hardware/New_miner/src/new_miner.v          ;         ;
; src/sha256_w_mem.v               ; yes             ; User Verilog HDL File  ; C:/Users/ballpor98/Desktop/project/Hardware/New_miner/src/sha256_w_mem.v       ;         ;
; src/sha256_stream.v              ; yes             ; User Verilog HDL File  ; C:/Users/ballpor98/Desktop/project/Hardware/New_miner/src/sha256_stream.v      ;         ;
; src/sha256_k_constants.v         ; yes             ; User Verilog HDL File  ; C:/Users/ballpor98/Desktop/project/Hardware/New_miner/src/sha256_k_constants.v ;         ;
; src/sha256_core.v                ; yes             ; User Verilog HDL File  ; C:/Users/ballpor98/Desktop/project/Hardware/New_miner/src/sha256_core.v        ;         ;
+----------------------------------+-----------------+------------------------+--------------------------------------------------------------------------------+---------+


+-----------------------------------------------------------+
; Analysis & Synthesis Resource Usage Summary               ;
+---------------------------------------------+-------------+
; Resource                                    ; Usage       ;
+---------------------------------------------+-------------+
; Estimated Total logic elements              ; 2,638       ;
;                                             ;             ;
; Total combinational functions               ; 2382        ;
; Logic element usage by number of LUT inputs ;             ;
;     -- 4 input functions                    ; 839         ;
;     -- 3 input functions                    ; 1490        ;
;     -- <=2 input functions                  ; 53          ;
;                                             ;             ;
; Logic elements by mode                      ;             ;
;     -- normal mode                          ; 1814        ;
;     -- arithmetic mode                      ; 568         ;
;                                             ;             ;
; Total registers                             ; 1304        ;
;     -- Dedicated logic registers            ; 1304        ;
;     -- I/O registers                        ; 0           ;
;                                             ;             ;
; I/O pins                                    ; 898         ;
;                                             ;             ;
; Embedded Multiplier 9-bit elements          ; 0           ;
;                                             ;             ;
; Maximum fan-out node                        ; clock~input ;
; Maximum fan-out                             ; 1304        ;
; Total fan-out                               ; 16020       ;
; Average fan-out                             ; 2.92        ;
+---------------------------------------------+-------------+


+----------------------------------------------------------------------------------------------------------------------------------------------------------------------------------------------------------------------------------------------------------------------------------------+
; Analysis & Synthesis Resource Utilization by Entity                                                                                                                                                                                                                                    ;
+------------------------------------------------+-------------------+--------------+-------------+------------+--------------+---------+-----------+------+--------------+------------+----------------------------------------------------------------------------------+--------------+
; Compilation Hierarchy Node                     ; LC Combinationals ; LC Registers ; Memory Bits ; UFM Blocks ; DSP Elements ; DSP 9x9 ; DSP 18x18 ; Pins ; Virtual Pins ; ADC blocks ; Full Hierarchy Name                                                              ; Library Name ;
+------------------------------------------------+-------------------+--------------+-------------+------------+--------------+---------+-----------+------+--------------+------------+----------------------------------------------------------------------------------+--------------+
; |new_miner                                     ; 2382 (491)        ; 1304 (262)   ; 0           ; 0          ; 0            ; 0       ; 0         ; 898  ; 0            ; 0          ; |new_miner                                                                       ; work         ;
;    |sha256_stream:U1|                          ; 1891 (1)          ; 1042 (1)     ; 0           ; 0          ; 0            ; 0       ; 0         ; 0    ; 0            ; 0          ; |new_miner|sha256_stream:U1                                                      ; work         ;
;       |sha256_core:core|                       ; 1890 (881)        ; 1041 (522)   ; 0           ; 0          ; 0            ; 0       ; 0         ; 0    ; 0            ; 0          ; |new_miner|sha256_stream:U1|sha256_core:core                                     ; work         ;
;          |sha256_k_constants:k_constants_inst| ; 189 (189)         ; 0 (0)        ; 0           ; 0          ; 0            ; 0       ; 0         ; 0    ; 0            ; 0          ; |new_miner|sha256_stream:U1|sha256_core:core|sha256_k_constants:k_constants_inst ; work         ;
;          |sha256_w_mem:w_mem_inst|             ; 820 (820)         ; 519 (519)    ; 0           ; 0          ; 0            ; 0       ; 0         ; 0    ; 0            ; 0          ; |new_miner|sha256_stream:U1|sha256_core:core|sha256_w_mem:w_mem_inst             ; work         ;
+------------------------------------------------+-------------------+--------------+-------------+------------+--------------+---------+-----------+------+--------------+------------+----------------------------------------------------------------------------------+--------------+
Note: For table entries with two numbers listed, the numbers in parentheses indicate the number of resources of the given type used by the specific entity alone. The numbers listed outside of parentheses indicate the total resources of the given type used by the specific entity and all of its sub-entities in the hierarchy.


Encoding Type:  One-Hot
+-----------------------------------------------------------------------------------+
; State Machine - |new_miner|state                                                  ;
+-----------+-----------+-----------+-----------+-----------+-----------+-----------+
; Name      ; state.101 ; state.100 ; state.011 ; state.010 ; state.001 ; state.000 ;
+-----------+-----------+-----------+-----------+-----------+-----------+-----------+
; state.000 ; 0         ; 0         ; 0         ; 0         ; 0         ; 0         ;
; state.001 ; 0         ; 0         ; 0         ; 0         ; 1         ; 1         ;
; state.010 ; 0         ; 0         ; 0         ; 1         ; 0         ; 1         ;
; state.011 ; 0         ; 0         ; 1         ; 0         ; 0         ; 1         ;
; state.100 ; 0         ; 1         ; 0         ; 0         ; 0         ; 1         ;
; state.101 ; 1         ; 0         ; 0         ; 0         ; 0         ; 1         ;
+-----------+-----------+-----------+-----------+-----------+-----------+-----------+


Encoding Type:  One-Hot
+-------------------------------------------------------------------------------------------------------------------+
; State Machine - |new_miner|sha256_stream:U1|sha256_core:core|sha256_ctrl_reg                                      ;
+-----------------------------+---------------------------+---------------------------+-----------------------------+
; Name                        ; sha256_ctrl_reg.CTRL_IDLE ; sha256_ctrl_reg.CTRL_DONE ; sha256_ctrl_reg.CTRL_ROUNDS ;
+-----------------------------+---------------------------+---------------------------+-----------------------------+
; sha256_ctrl_reg.CTRL_IDLE   ; 0                         ; 0                         ; 0                           ;
; sha256_ctrl_reg.CTRL_ROUNDS ; 1                         ; 0                         ; 1                           ;
; sha256_ctrl_reg.CTRL_DONE   ; 1                         ; 1                         ; 0                           ;
+-----------------------------+---------------------------+---------------------------+-----------------------------+


Encoding Type:  One-Hot
+------------------------------------------------------------------------------------------------------------+
; State Machine - |new_miner|sha256_stream:U1|sha256_core:core|sha256_w_mem:w_mem_inst|sha256_w_mem_ctrl_reg ;
+-----------------------------------+------------------------------------------------------------------------+
; Name                              ; sha256_w_mem_ctrl_reg.CTRL_UPDATE                                      ;
+-----------------------------------+------------------------------------------------------------------------+
; sha256_w_mem_ctrl_reg.CTRL_IDLE   ; 0                                                                      ;
; sha256_w_mem_ctrl_reg.CTRL_UPDATE ; 1                                                                      ;
+-----------------------------------+------------------------------------------------------------------------+


+--------------------------------------------------------------------------------------------------------+
; Registers Removed During Synthesis                                                                     ;
+-----------------------------------------------------------------------------------+--------------------+
; Register name                                                                     ; Reason for Removal ;
+-----------------------------------------------------------------------------------+--------------------+
; state~2                                                                           ; Lost fanout        ;
; state~3                                                                           ; Lost fanout        ;
; state~4                                                                           ; Lost fanout        ;
; sha256_stream:U1|sha256_core:core|sha256_w_mem:w_mem_inst|sha256_w_mem_ctrl_reg~7 ; Lost fanout        ;
; Total Number of Removed Registers = 4                                             ;                    ;
+-----------------------------------------------------------------------------------+--------------------+


+------------------------------------------------------+
; General Register Statistics                          ;
+----------------------------------------------+-------+
; Statistic                                    ; Value ;
+----------------------------------------------+-------+
; Total registers                              ; 1304  ;
; Number of registers using Synchronous Clear  ; 12    ;
; Number of registers using Synchronous Load   ; 992   ;
; Number of registers using Asynchronous Clear ; 1041  ;
; Number of registers using Asynchronous Load  ; 0     ;
; Number of registers using Clock Enable       ; 1294  ;
; Number of registers using Preset             ; 0     ;
+----------------------------------------------+-------+


+----------------------------------------------------------------------------------------------------------------------------------------------------------------------------------------------------------+
; Multiplexer Restructuring Statistics (Restructuring Performed)                                                                                                                                           ;
+--------------------+-----------+---------------+----------------------+------------------------+------------+--------------------------------------------------------------------------------------------+
; Multiplexer Inputs ; Bus Width ; Baseline Area ; Area if Restructured ; Saving if Restructured ; Registered ; Example Multiplexer Output                                                                 ;
+--------------------+-----------+---------------+----------------------+------------------------+------------+--------------------------------------------------------------------------------------------+
; 3:1                ; 383 bits  ; 766 LEs       ; 766 LEs              ; 0 LEs                  ; Yes        ; |new_miner|sha256_stream:U1|sha256_core:core|sha256_w_mem:w_mem_inst|w_mem[14][31]         ;
; 4:1                ; 256 bits  ; 512 LEs       ; 512 LEs              ; 0 LEs                  ; Yes        ; |new_miner|sha256_stream:U1|sha256_core:core|f_reg[14]                                     ;
; 3:1                ; 2 bits    ; 4 LEs         ; 4 LEs                ; 0 LEs                  ; No         ; |new_miner|sha256_stream:U1|sha256_core:core|sha256_w_mem:w_mem_inst|sha256_w_mem_ctrl_reg ;
; 17:1               ; 32 bits   ; 352 LEs       ; 352 LEs              ; 0 LEs                  ; No         ; |new_miner|sha256_stream:U1|sha256_core:core|sha256_w_mem:w_mem_inst|w[13]                 ;
+--------------------+-----------+---------------+----------------------+------------------------+------------+--------------------------------------------------------------------------------------------+


+--------------------------------------------------------------------------------+
; Parameter Settings for User Entity Instance: sha256_stream:U1|sha256_core:core ;
+----------------+----------------------------------+----------------------------+
; Parameter Name ; Value                            ; Type                       ;
+----------------+----------------------------------+----------------------------+
; SHA224_H0_0    ; 11000001000001011001111011011000 ; Unsigned Binary            ;
; SHA224_H0_1    ; 00110110011111001101010100000111 ; Unsigned Binary            ;
; SHA224_H0_2    ; 00110000011100001101110100010111 ; Unsigned Binary            ;
; SHA224_H0_3    ; 11110111000011100101100100111001 ; Unsigned Binary            ;
; SHA224_H0_4    ; 11111111110000000000101100110001 ; Unsigned Binary            ;
; SHA224_H0_5    ; 01101000010110000001010100010001 ; Unsigned Binary            ;
; SHA224_H0_6    ; 01100100111110011000111110100111 ; Unsigned Binary            ;
; SHA224_H0_7    ; 10111110111110100100111110100100 ; Unsigned Binary            ;
; SHA256_H0_0    ; 01101010000010011110011001100111 ; Unsigned Binary            ;
; SHA256_H0_1    ; 10111011011001111010111010000101 ; Unsigned Binary            ;
; SHA256_H0_2    ; 00111100011011101111001101110010 ; Unsigned Binary            ;
; SHA256_H0_3    ; 10100101010011111111010100111010 ; Unsigned Binary            ;
; SHA256_H0_4    ; 01010001000011100101001001111111 ; Unsigned Binary            ;
; SHA256_H0_5    ; 10011011000001010110100010001100 ; Unsigned Binary            ;
; SHA256_H0_6    ; 00011111100000111101100110101011 ; Unsigned Binary            ;
; SHA256_H0_7    ; 01011011111000001100110100011001 ; Unsigned Binary            ;
; SHA256_ROUNDS  ; 63                               ; Signed Integer             ;
; CTRL_IDLE      ; 0                                ; Signed Integer             ;
; CTRL_ROUNDS    ; 1                                ; Signed Integer             ;
; CTRL_DONE      ; 2                                ; Signed Integer             ;
+----------------+----------------------------------+----------------------------+
Note: In order to hide this table in the UI and the text report file, please set the "Show Parameter Settings in Synthesis Report" option in "Analysis and Synthesis Settings -> More Settings" to "Off".


+--------------------------------------------------------------------------------------------------------+
; Parameter Settings for User Entity Instance: sha256_stream:U1|sha256_core:core|sha256_w_mem:w_mem_inst ;
+----------------+-------+-------------------------------------------------------------------------------+
; Parameter Name ; Value ; Type                                                                          ;
+----------------+-------+-------------------------------------------------------------------------------+
; CTRL_IDLE      ; 0     ; Signed Integer                                                                ;
; CTRL_UPDATE    ; 1     ; Signed Integer                                                                ;
+----------------+-------+-------------------------------------------------------------------------------+
Note: In order to hide this table in the UI and the text report file, please set the "Show Parameter Settings in Synthesis Report" option in "Analysis and Synthesis Settings -> More Settings" to "Off".


+------------------------------------------------------------------------------------------------------------------------------------------------------------------------------------------------------------------+
; Port Connectivity Checks: "sha256_stream:U1"                                                                                                                                                                     ;
+----------+-------+----------+------------------------------------------------------------------------------------------------------------------------------------------------------------------------------------+
; Port     ; Type  ; Severity ; Details                                                                                                                                                                            ;
+----------+-------+----------+------------------------------------------------------------------------------------------------------------------------------------------------------------------------------------+
; mode     ; Input ; Warning  ; Input port expression (32 bits) is wider than the input port (1 bits) it drives.  The 31 most-significant bit(s) in the expression will be dangling if they have no other fanouts. ;
; mode[-1] ; Input ; Info     ; Stuck at VCC                                                                                                                                                                       ;
+----------+-------+----------+------------------------------------------------------------------------------------------------------------------------------------------------------------------------------------+


+-----------------------------------------------------+
; Post-Synthesis Netlist Statistics for Top Partition ;
+-----------------------+-----------------------------+
; Type                  ; Count                       ;
+-----------------------+-----------------------------+
; boundary_port         ; 898                         ;
; cycloneiii_ff         ; 1304                        ;
;     CLR               ; 3                           ;
;     ENA               ; 256                         ;
;     ENA CLR           ; 35                          ;
;     ENA CLR SCLR      ; 12                          ;
;     ENA CLR SLD       ; 991                         ;
;     SLD               ; 1                           ;
;     plain             ; 6                           ;
; cycloneiii_lcell_comb ; 2382                        ;
;     arith             ; 568                         ;
;         2 data inputs ; 10                          ;
;         3 data inputs ; 558                         ;
;     normal            ; 1814                        ;
;         0 data inputs ; 1                           ;
;         1 data inputs ; 2                           ;
;         2 data inputs ; 40                          ;
;         3 data inputs ; 932                         ;
;         4 data inputs ; 839                         ;
;                       ;                             ;
; Max LUT depth         ; 12.10                       ;
; Average LUT depth     ; 5.00                        ;
+-----------------------+-----------------------------+


+-------------------------------+
; Elapsed Time Per Partition    ;
+----------------+--------------+
; Partition Name ; Elapsed Time ;
+----------------+--------------+
; Top            ; 00:00:05     ;
+----------------+--------------+


+-------------------------------+
; Analysis & Synthesis Messages ;
+-------------------------------+
Info: *******************************************************************
Info: Running Quartus II 64-Bit Analysis & Synthesis
    Info: Version 15.0.0 Build 145 04/22/2015 SJ Web Edition
    Info: Processing started: Mon Apr 23 16:00:58 2018
Info: Command: quartus_map --read_settings_files=on --write_settings_files=off new_miner -c new_miner
Info (11104): Parallel Compilation has detected 8 hyper-threaded processors. However, the extra hyper-threaded processors will not be used by default. Parallel Compilation will use 4 of the 4 physical processors detected instead.
Info (12021): Found 1 design units, including 1 entities, in source file src/new_miner.v
    Info (12023): Found entity 1: new_miner
Info (12021): Found 1 design units, including 1 entities, in source file src/sha256_w_mem.v
    Info (12023): Found entity 1: sha256_w_mem
Info (12021): Found 1 design units, including 1 entities, in source file src/sha256_stream.v
    Info (12023): Found entity 1: sha256_stream
Info (12021): Found 1 design units, including 1 entities, in source file src/sha256_k_constants.v
    Info (12023): Found entity 1: sha256_k_constants
Info (12021): Found 1 design units, including 1 entities, in source file src/sha256_core.v
    Info (12023): Found entity 1: sha256_core
Info (12021): Found 1 design units, including 1 entities, in source file src/gen.v
    Info (12023): Found entity 1: gen
Info (12127): Elaborating entity "new_miner" for the top level hierarchy
Warning (10235): Verilog HDL Always Construct warning at new_miner.v(42): variable "block1" is read inside the Always Construct but isn't in the Always Construct's Event Control
Warning (10235): Verilog HDL Always Construct warning at new_miner.v(48): variable "block2" is read inside the Always Construct but isn't in the Always Construct's Event Control
Warning (10235): Verilog HDL Always Construct warning at new_miner.v(54): variable "block2" is read inside the Always Construct but isn't in the Always Construct's Event Control
Warning (10235): Verilog HDL Always Construct warning at new_miner.v(60): variable "block3" is read inside the Always Construct but isn't in the Always Construct's Event Control
Warning (10235): Verilog HDL Always Construct warning at new_miner.v(66): variable "block3" is read inside the Always Construct but isn't in the Always Construct's Event Control
Warning (10235): Verilog HDL Always Construct warning at new_miner.v(72): variable "block1" is read inside the Always Construct but isn't in the Always Construct's Event Control
Info (12128): Elaborating entity "sha256_stream" for hierarchy "sha256_stream:U1"
Info (12128): Elaborating entity "sha256_core" for hierarchy "sha256_stream:U1|sha256_core:core"
Info (12128): Elaborating entity "sha256_k_constants" for hierarchy "sha256_stream:U1|sha256_core:core|sha256_k_constants:k_constants_inst"
Info (12128): Elaborating entity "sha256_w_mem" for hierarchy "sha256_stream:U1|sha256_core:core|sha256_w_mem:w_mem_inst"
Info (276014): Found 1 instances of uninferred RAM logic
    Info (276013): RAM logic "sha256_stream:U1|sha256_core:core|sha256_k_constants:k_constants_inst|Ram0" is uninferred because MIF is not supported for the selected family
Warning (12241): 1 hierarchies have connectivity warnings - see the Connectivity Checks report folder
Info (286030): Timing-Driven Synthesis is running
Info (17049): 4 registers lost all their fanouts during netlist optimizations.
Info (16010): Generating hard_block partition "hard_block:auto_generated_inst"
    Info (16011): Adding 0 node(s), including 0 DDIO, 0 PLL, 0 transceiver and 0 LCELL
Info (21057): Implemented 3538 device resources after synthesis - the final resource count might be different
    Info (21058): Implemented 642 input pins
    Info (21059): Implemented 256 output pins
    Info (21061): Implemented 2640 logic cells
Info: Quartus II 64-Bit Analysis & Synthesis was successful. 0 errors, 7 warnings
    Info: Peak virtual memory: 793 megabytes
    Info: Processing ended: Mon Apr 23 16:01:14 2018
    Info: Elapsed time: 00:00:16
    Info: Total CPU time (on all processors): 00:00:31


